SLF4J(W): Class path contains multiple SLF4J providers.
SLF4J(W): Found provider [scribe.slf4j.ScribeServiceProvider@48fa668b]
SLF4J(W): Found provider [ch.qos.logback.classic.spi.LogbackServiceProvider@448d3f0b]
SLF4J(W): See https://www.slf4j.org/codes.html#multiple_bindings for an explanation.
SLF4J(I): Actual provider is of type [scribe.slf4j.ScribeServiceProvider@48fa668b]
2024.06.15 16:03:50 WARN  Flyway upgrade recommended: H2 2.2.224 is newer than this version of Flyway and support has not been tested. The latest supported version of H2 is 2.2.220.
2024.06.15 16:03:50 INFO  no build target found for C:\Users\vedsh\sysarch-project-one\src\main\scala\RISC-V\implementation\RV32I\RV32I.scala. Using presentation compiler with project's scala-library version: 3.3.3
2024.06.15 16:03:53 INFO  Running List(C:\Users\vedsh\AppData\Local\Coursier\data\bin\scala-cli.BAT, setup-ide, C:\Users\vedsh\sysarch-project-one\src\main\scala\RISC-V)
2024.06.15 16:03:53 INFO  Attempting to connect to the build server...
2024.06.15 16:03:53 INFO  Running BSP server List(C:\Users\vedsh\AppData\Local\Coursier\data\bin\.scala-cli.aux.exe, bsp, --json-options, C:\Users\vedsh\sysarch-project-one\src\main\scala\RISC-V\.scala-build\ide-options-v2.json, --json-launcher-options, C:\Users\vedsh\sysarch-project-one\src\main\scala\RISC-V\.scala-build\ide-launcher-options.json, --envs-file, C:\Users\vedsh\sysarch-project-one\src\main\scala\RISC-V\.scala-build\ide-envs.json, C:\Users\vedsh\sysarch-project-one\src\main\scala\RISC-V)
2024.06.15 16:03:53 INFO  tracing is disabled for protocol BSP, to enable tracing of incoming and outgoing JSON messages create an empty file at C:\Users\vedsh\sysarch-project-one\src\main\scala\RISC-V\.metals\bsp.trace.json or C:\Users\vedsh\AppData\Local\scalameta\metals\cache\bsp.trace.json
2024.06.15 16:03:55 INFO  BSP server: Starting compilation server
2024.06.15 16:03:58 INFO  time: Connected to build server in 4.84s
2024.06.15 16:03:58 INFO  Connected to Build server: scala-cli v1.3.2
2024.06.15 16:03:58 INFO  time: Imported build in 0.16s
2024.06.15 16:03:59 INFO  compiling risc-v_cd3fc621e7 (23 scala sources)
2024.06.15 16:04:01 INFO  time: indexed workspace in 2.67s
2024.06.15 16:04:05 INFO  time: compiled RISC-V_cd3fc621e7 in 6.47s
2024.06.15 16:04:05 INFO  compiling risc-v_cd3fc621e7 (23 scala sources)
2024.06.15 16:04:07 INFO  time: compiled RISC-V_cd3fc621e7 in 2.16s
2024.06.15 16:04:07 INFO  compiling risc-v_cd3fc621e7 (23 scala sources)
2024.06.15 16:04:09 INFO  time: compiled RISC-V_cd3fc621e7 in 1.54s
2024.06.15 16:04:09 INFO  compiling risc-v_cd3fc621e7 (23 scala sources)
2024.06.15 16:04:11 INFO  time: compiled RISC-V_cd3fc621e7 in 1.5s
Jun 15, 2024 4:08:22 PM org.eclipse.lsp4j.jsonrpc.RemoteEndpoint fallbackResponseError
SEVERE: Internal error: scala.meta.internal.metals.debug.DebugProvider$WorkspaceErrorsException$: Cannot run class, since the workspace has errors.
java.util.concurrent.CompletionException: scala.meta.internal.metals.debug.DebugProvider$WorkspaceErrorsException$: Cannot run class, since the workspace has errors.
	at java.base/java.util.concurrent.CompletableFuture.encodeThrowable(CompletableFuture.java:332)
	at java.base/java.util.concurrent.CompletableFuture.uniAcceptNow(CompletableFuture.java:747)
	at java.base/java.util.concurrent.CompletableFuture.uniAcceptStage(CompletableFuture.java:735)
	at java.base/java.util.concurrent.CompletableFuture.thenAcceptAsync(CompletableFuture.java:2218)
	at scala.concurrent.java8.FuturesConvertersImpl$CF.thenAccept(FutureConvertersImpl.scala:37)
	at org.eclipse.lsp4j.jsonrpc.RemoteEndpoint.handleRequest(RemoteEndpoint.java:279)
	at org.eclipse.lsp4j.jsonrpc.RemoteEndpoint.consume(RemoteEndpoint.java:190)
	at org.eclipse.lsp4j.jsonrpc.json.StreamMessageProducer.handleMessage(StreamMessageProducer.java:194)
	at org.eclipse.lsp4j.jsonrpc.json.StreamMessageProducer.listen(StreamMessageProducer.java:94)
	at org.eclipse.lsp4j.jsonrpc.json.ConcurrentMessageProcessor.run(ConcurrentMessageProcessor.java:113)
	at java.base/java.util.concurrent.Executors$RunnableAdapter.call(Executors.java:572)
	at java.base/java.util.concurrent.FutureTask.run(FutureTask.java:317)
	at java.base/java.util.concurrent.ThreadPoolExecutor.runWorker(ThreadPoolExecutor.java:1144)
	at java.base/java.util.concurrent.ThreadPoolExecutor$Worker.run(ThreadPoolExecutor.java:642)
	at java.base/java.lang.Thread.run(Thread.java:1583)
Caused by: scala.meta.internal.metals.debug.DebugProvider$WorkspaceErrorsException$: Cannot run class, since the workspace has errors.
	at scala.meta.internal.metals.debug.DebugProvider$WorkspaceErrorsException$.<clinit>(DebugProvider.scala:1022)
	at scala.meta.internal.metals.debug.DebugProvider.debugDiscovery(DebugProvider.scala:584)
	at scala.meta.internal.metals.debug.DebugProvider.runCommandDiscovery(DebugProvider.scala:520)
	at scala.meta.internal.metals.MetalsLspService.discoverMainClasses(MetalsLspService.scala:1835)
	at scala.meta.internal.metals.WorkspaceLspService.executeCommand(WorkspaceLspService.scala:765)
	at scala.meta.metals.lsp.DelegatingScalaService.executeCommand(DelegatingScalaService.scala:169)
	at java.base/jdk.internal.reflect.DirectMethodHandleAccessor.invoke(DirectMethodHandleAccessor.java:103)
	at java.base/java.lang.reflect.Method.invoke(Method.java:580)
	at org.eclipse.lsp4j.jsonrpc.services.GenericEndpoint.lambda$null$0(GenericEndpoint.java:65)
	at org.eclipse.lsp4j.jsonrpc.services.GenericEndpoint.request(GenericEndpoint.java:120)
	at org.eclipse.lsp4j.jsonrpc.RemoteEndpoint.handleRequest(RemoteEndpoint.java:261)
	... 9 more

Jun 15, 2024 4:08:44 PM org.eclipse.lsp4j.jsonrpc.RemoteEndpoint fallbackResponseError
SEVERE: Internal error: scala.meta.internal.metals.debug.DebugProvider$WorkspaceErrorsException$: Cannot run class, since the workspace has errors.
java.util.concurrent.CompletionException: scala.meta.internal.metals.debug.DebugProvider$WorkspaceErrorsException$: Cannot run class, since the workspace has errors.
	at java.base/java.util.concurrent.CompletableFuture.encodeThrowable(CompletableFuture.java:332)
	at java.base/java.util.concurrent.CompletableFuture.uniAcceptNow(CompletableFuture.java:747)
	at java.base/java.util.concurrent.CompletableFuture.uniAcceptStage(CompletableFuture.java:735)
	at java.base/java.util.concurrent.CompletableFuture.thenAcceptAsync(CompletableFuture.java:2218)
	at scala.concurrent.java8.FuturesConvertersImpl$CF.thenAccept(FutureConvertersImpl.scala:37)
	at org.eclipse.lsp4j.jsonrpc.RemoteEndpoint.handleRequest(RemoteEndpoint.java:279)
	at org.eclipse.lsp4j.jsonrpc.RemoteEndpoint.consume(RemoteEndpoint.java:190)
	at org.eclipse.lsp4j.jsonrpc.json.StreamMessageProducer.handleMessage(StreamMessageProducer.java:194)
	at org.eclipse.lsp4j.jsonrpc.json.StreamMessageProducer.listen(StreamMessageProducer.java:94)
	at org.eclipse.lsp4j.jsonrpc.json.ConcurrentMessageProcessor.run(ConcurrentMessageProcessor.java:113)
	at java.base/java.util.concurrent.Executors$RunnableAdapter.call(Executors.java:572)
	at java.base/java.util.concurrent.FutureTask.run(FutureTask.java:317)
	at java.base/java.util.concurrent.ThreadPoolExecutor.runWorker(ThreadPoolExecutor.java:1144)
	at java.base/java.util.concurrent.ThreadPoolExecutor$Worker.run(ThreadPoolExecutor.java:642)
	at java.base/java.lang.Thread.run(Thread.java:1583)
Caused by: scala.meta.internal.metals.debug.DebugProvider$WorkspaceErrorsException$: Cannot run class, since the workspace has errors.
	at scala.meta.internal.metals.debug.DebugProvider$WorkspaceErrorsException$.<clinit>(DebugProvider.scala:1022)
	at scala.meta.internal.metals.debug.DebugProvider.debugDiscovery(DebugProvider.scala:584)
	at scala.meta.internal.metals.debug.DebugProvider.runCommandDiscovery(DebugProvider.scala:520)
	at scala.meta.internal.metals.MetalsLspService.discoverMainClasses(MetalsLspService.scala:1835)
	at scala.meta.internal.metals.WorkspaceLspService.executeCommand(WorkspaceLspService.scala:765)
	at scala.meta.metals.lsp.DelegatingScalaService.executeCommand(DelegatingScalaService.scala:169)
	at java.base/jdk.internal.reflect.DirectMethodHandleAccessor.invoke(DirectMethodHandleAccessor.java:103)
	at java.base/java.lang.reflect.Method.invoke(Method.java:580)
	at org.eclipse.lsp4j.jsonrpc.services.GenericEndpoint.lambda$null$0(GenericEndpoint.java:65)
	at org.eclipse.lsp4j.jsonrpc.services.GenericEndpoint.request(GenericEndpoint.java:120)
	at org.eclipse.lsp4j.jsonrpc.RemoteEndpoint.handleRequest(RemoteEndpoint.java:261)
	... 9 more

2024.06.15 16:08:47 INFO  Shutting down server
2024.06.15 16:08:47 INFO  shutting down Metals
2024.06.15 16:08:47 INFO  Shut down connection with build server.
2024.06.15 16:08:47 INFO  BSP server: Jun 15, 2024 4:08:47 PM org.eclipse.lsp4j.jsonrpc.RemoteEndpoint handleNotification
2024.06.15 16:08:47 INFO  BSP server: WARNING: Notification threw an exception: {
2024.06.15 16:08:47 INFO  BSP server:   "jsonrpc": "2.0",
2024.06.15 16:08:47 INFO  Exiting server
2024.06.15 16:10:48 INFO  Started: Metals version 1.3.1 in folders 'C:\Users\vedsh\sysarch-project-one\src\main\scala\RISC-V' for client Visual Studio Code 1.90.1.
SLF4J(W): Class path contains multiple SLF4J providers.
SLF4J(W): Found provider [scribe.slf4j.ScribeServiceProvider@38346115]
SLF4J(W): Found provider [ch.qos.logback.classic.spi.LogbackServiceProvider@6591dc7d]
SLF4J(W): See https://www.slf4j.org/codes.html#multiple_bindings for an explanation.
SLF4J(I): Actual provider is of type [scribe.slf4j.ScribeServiceProvider@38346115]
2024.06.15 16:10:48 WARN  Flyway upgrade recommended: H2 2.2.224 is newer than this version of Flyway and support has not been tested. The latest supported version of H2 is 2.2.220.
2024.06.15 16:10:49 INFO  no build target found for C:\Users\vedsh\sysarch-project-one\src\main\scala\RISC-V\implementation\generic\GenericCore.scala. Using presentation compiler with project's scala-library version: 3.3.3
2024.06.15 16:10:49 INFO  Attempting to connect to the build server...
2024.06.15 16:10:49 INFO  Running BSP server List(C:\Users\vedsh\AppData\Local\Coursier\data\bin\.scala-cli.aux.exe, bsp, --json-options, C:\Users\vedsh\sysarch-project-one\src\main\scala\RISC-V\.scala-build\ide-options-v2.json, --json-launcher-options, C:\Users\vedsh\sysarch-project-one\src\main\scala\RISC-V\.scala-build\ide-launcher-options.json, --envs-file, C:\Users\vedsh\sysarch-project-one\src\main\scala\RISC-V\.scala-build\ide-envs.json, C:\Users\vedsh\sysarch-project-one\src\main\scala\RISC-V)
2024.06.15 16:10:50 INFO  tracing is disabled for protocol BSP, to enable tracing of incoming and outgoing JSON messages create an empty file at C:\Users\vedsh\sysarch-project-one\src\main\scala\RISC-V\.metals\bsp.trace.json or C:\Users\vedsh\AppData\Local\scalameta\metals\cache\bsp.trace.json
2024.06.15 16:10:52 INFO  BSP server: Starting compilation server
2024.06.15 16:10:55 INFO  time: Connected to build server in 5.58s
2024.06.15 16:10:55 INFO  Connected to Build server: scala-cli v1.3.2
2024.06.15 16:10:55 INFO  time: Imported build in 0.11s
2024.06.15 16:10:55 INFO  compiling risc-v_cd3fc621e7 (23 scala sources)
2024.06.15 16:10:59 INFO  time: indexed workspace in 3.99s
2024.06.15 16:11:02 INFO  time: compiled RISC-V_cd3fc621e7 in 6.76s
2024.06.15 16:11:02 INFO  compiling risc-v_cd3fc621e7 (23 scala sources)
2024.06.15 16:11:05 INFO  time: compiled RISC-V_cd3fc621e7 in 2.28s
2024.06.15 16:11:05 INFO  compiling risc-v_cd3fc621e7 (23 scala sources)
2024.06.15 16:11:07 INFO  time: compiled RISC-V_cd3fc621e7 in 1.76s
2024.06.15 16:11:07 INFO  compiling risc-v_cd3fc621e7 (23 scala sources)
2024.06.15 16:11:08 INFO  time: compiled RISC-V_cd3fc621e7 in 1.41s
2024.06.15 16:13:47 INFO  Shutting down server
2024.06.15 16:13:47 INFO  shutting down Metals
2024.06.15 16:13:47 INFO  Shut down connection with build server.
2024.06.15 16:13:47 INFO  BSP server: Jun 15, 2024 4:13:47 PM org.eclipse.lsp4j.jsonrpc.RemoteEndpoint handleNotification
2024.06.15 16:13:47 INFO  BSP server: WARNING: Notification threw an exception: {
2024.06.15 16:13:47 INFO  BSP server:   "jsonrpc": "2.0",
2024.06.15 16:13:47 INFO  Exiting server
